2025-02-22 06:42:11,153 - INFO - Combined 15 files into DataFrame with 185124 rows
2025-02-22 06:42:11,180 - INFO - Loaded progress from scraper_progress.json: 29 URLs scraped
2025-02-22 06:42:24,402 - INFO - Progress saved: 30 URLs scraped, 63 players found
2025-02-22 12:25:09,563 - INFO - Combined 15 files into DataFrame with 185124 rows
2025-02-22 12:25:09,591 - INFO - Loaded progress from scraper_progress.bak: 29 URLs scraped
2025-02-22 12:25:15,574 - INFO - Progress saved: 30 URLs scraped, 62 players found
2025-02-22 12:26:05,164 - INFO - Progress saved: 40 URLs scraped, 82 players found
2025-02-22 12:26:56,430 - INFO - Progress saved: 50 URLs scraped, 108 players found
2025-02-22 12:27:43,738 - INFO - Progress saved: 60 URLs scraped, 128 players found
2025-02-22 12:28:31,236 - INFO - Progress saved: 70 URLs scraped, 160 players found
2025-02-22 12:29:18,947 - INFO - Progress saved: 80 URLs scraped, 188 players found
2025-02-22 12:30:05,818 - INFO - Progress saved: 90 URLs scraped, 216 players found
2025-02-22 12:30:53,741 - INFO - Progress saved: 100 URLs scraped, 242 players found
2025-02-22 12:31:42,589 - INFO - Progress saved: 110 URLs scraped, 271 players found
2025-02-22 12:32:32,014 - INFO - Progress saved: 120 URLs scraped, 298 players found
2025-02-22 12:33:17,970 - INFO - Progress saved: 130 URLs scraped, 324 players found
2025-02-22 12:33:56,603 - INFO - Progress saved: 140 URLs scraped, 345 players found
2025-02-22 12:34:43,237 - INFO - Progress saved: 150 URLs scraped, 373 players found
2025-02-22 12:35:34,683 - INFO - Progress saved: 160 URLs scraped, 405 players found
2025-02-22 12:36:29,691 - INFO - Progress saved: 170 URLs scraped, 433 players found
2025-02-22 12:37:13,062 - INFO - Progress saved: 180 URLs scraped, 456 players found
2025-02-22 12:37:57,964 - INFO - Progress saved: 190 URLs scraped, 483 players found
2025-02-22 12:38:45,837 - INFO - Progress saved: 200 URLs scraped, 509 players found
2025-02-22 12:39:36,231 - INFO - Progress saved: 210 URLs scraped, 534 players found
2025-02-22 12:40:22,358 - INFO - Progress saved: 220 URLs scraped, 566 players found
2025-02-22 12:41:06,541 - INFO - Progress saved: 230 URLs scraped, 586 players found
2025-02-22 12:41:51,746 - INFO - Progress saved: 240 URLs scraped, 606 players found
2025-02-22 12:42:40,315 - INFO - Progress saved: 250 URLs scraped, 632 players found
2025-02-22 12:43:30,173 - INFO - Progress saved: 260 URLs scraped, 654 players found
2025-02-22 12:44:14,051 - INFO - Progress saved: 270 URLs scraped, 669 players found
2025-02-22 12:44:54,859 - INFO - Progress saved: 280 URLs scraped, 693 players found
2025-02-22 12:45:42,809 - INFO - Progress saved: 290 URLs scraped, 716 players found
2025-02-22 12:46:38,582 - INFO - Progress saved: 300 URLs scraped, 745 players found
2025-02-22 12:47:18,980 - INFO - Progress saved: 310 URLs scraped, 768 players found
2025-02-22 12:48:06,596 - INFO - Progress saved: 320 URLs scraped, 789 players found
2025-02-22 12:48:55,489 - INFO - Progress saved: 330 URLs scraped, 815 players found
2025-02-22 12:49:42,899 - INFO - Progress saved: 340 URLs scraped, 844 players found
2025-02-22 12:50:27,780 - INFO - Progress saved: 350 URLs scraped, 868 players found
2025-02-22 12:51:22,814 - INFO - Progress saved: 360 URLs scraped, 900 players found
2025-02-22 12:52:01,570 - INFO - Progress saved: 370 URLs scraped, 923 players found
2025-02-22 12:52:47,869 - INFO - Progress saved: 380 URLs scraped, 950 players found
2025-02-22 12:53:32,177 - INFO - Progress saved: 390 URLs scraped, 977 players found
2025-02-22 12:54:23,659 - INFO - Progress saved: 400 URLs scraped, 1004 players found
2025-02-22 12:55:04,437 - INFO - Progress saved: 410 URLs scraped, 1027 players found
2025-02-22 12:55:51,647 - INFO - Progress saved: 420 URLs scraped, 1054 players found
2025-02-22 12:56:37,335 - INFO - Progress saved: 430 URLs scraped, 1082 players found
2025-02-22 12:57:14,769 - INFO - Progress saved: 440 URLs scraped, 1102 players found
2025-02-22 12:57:59,343 - INFO - Progress saved: 450 URLs scraped, 1126 players found
2025-02-22 12:58:39,113 - INFO - Progress saved: 460 URLs scraped, 1150 players found
2025-02-22 12:59:30,815 - INFO - Progress saved: 470 URLs scraped, 1172 players found
2025-02-22 13:00:22,334 - INFO - Progress saved: 480 URLs scraped, 1198 players found
2025-02-22 13:01:07,079 - INFO - Progress saved: 490 URLs scraped, 1228 players found
2025-02-22 13:01:50,287 - INFO - Progress saved: 500 URLs scraped, 1255 players found
2025-02-22 13:02:32,486 - INFO - Progress saved: 510 URLs scraped, 1284 players found
2025-02-22 13:03:14,419 - INFO - Progress saved: 520 URLs scraped, 1311 players found
2025-02-22 13:03:55,392 - INFO - Progress saved: 530 URLs scraped, 1341 players found
2025-02-22 13:04:38,637 - INFO - Progress saved: 540 URLs scraped, 1364 players found
2025-02-22 13:05:18,494 - INFO - Progress saved: 550 URLs scraped, 1394 players found
2025-02-22 13:06:10,161 - INFO - Progress saved: 560 URLs scraped, 1421 players found
2025-02-22 13:06:54,424 - INFO - Progress saved: 570 URLs scraped, 1448 players found
2025-02-22 13:07:41,804 - INFO - Progress saved: 580 URLs scraped, 1470 players found
2025-02-22 13:08:24,376 - INFO - Progress saved: 590 URLs scraped, 1500 players found
2025-02-22 13:09:06,432 - INFO - Progress saved: 600 URLs scraped, 1529 players found
2025-02-22 13:09:53,991 - INFO - Progress saved: 610 URLs scraped, 1560 players found
2025-02-22 13:10:40,942 - INFO - Progress saved: 620 URLs scraped, 1593 players found
2025-02-22 13:11:31,623 - INFO - Progress saved: 630 URLs scraped, 1612 players found
2025-02-22 13:12:15,794 - INFO - Progress saved: 640 URLs scraped, 1636 players found
2025-02-22 13:12:57,260 - INFO - Progress saved: 650 URLs scraped, 1657 players found
2025-02-22 13:13:40,314 - INFO - Progress saved: 660 URLs scraped, 1683 players found
2025-02-22 13:14:25,879 - INFO - Progress saved: 670 URLs scraped, 1706 players found
2025-02-22 13:15:09,285 - INFO - Progress saved: 680 URLs scraped, 1735 players found
2025-02-22 13:15:58,414 - INFO - Progress saved: 690 URLs scraped, 1770 players found
2025-02-22 13:16:44,108 - INFO - Progress saved: 700 URLs scraped, 1807 players found
2025-02-22 13:17:26,798 - INFO - Progress saved: 710 URLs scraped, 1830 players found
2025-02-22 13:18:10,107 - INFO - Progress saved: 720 URLs scraped, 1853 players found
2025-02-22 13:19:01,226 - INFO - Progress saved: 730 URLs scraped, 1883 players found
2025-02-22 13:19:43,274 - INFO - Progress saved: 740 URLs scraped, 1913 players found
2025-02-22 13:20:30,081 - INFO - Progress saved: 750 URLs scraped, 1931 players found
2025-02-22 13:21:08,791 - INFO - Progress saved: 760 URLs scraped, 1949 players found
2025-02-22 13:21:51,476 - INFO - Progress saved: 770 URLs scraped, 1970 players found
2025-02-22 13:22:36,749 - INFO - Progress saved: 780 URLs scraped, 1991 players found
2025-02-22 13:23:16,158 - INFO - Progress saved: 790 URLs scraped, 2020 players found
2025-02-22 13:24:09,407 - INFO - Progress saved: 800 URLs scraped, 2047 players found
2025-02-22 13:25:01,305 - INFO - Progress saved: 810 URLs scraped, 2069 players found
2025-02-22 13:25:48,070 - INFO - Progress saved: 820 URLs scraped, 2083 players found
2025-02-22 13:27:00,635 - INFO - Progress saved: 830 URLs scraped, 2113 players found
2025-02-22 13:27:47,224 - INFO - Progress saved: 840 URLs scraped, 2143 players found
2025-02-22 13:28:37,345 - INFO - Progress saved: 850 URLs scraped, 2172 players found
2025-02-22 13:29:37,533 - INFO - Progress saved: 860 URLs scraped, 2193 players found
2025-02-22 13:30:22,078 - INFO - Progress saved: 870 URLs scraped, 2218 players found
2025-02-22 13:31:18,800 - INFO - Progress saved: 880 URLs scraped, 2248 players found
2025-02-22 13:32:13,020 - INFO - Progress saved: 890 URLs scraped, 2271 players found
2025-02-22 13:32:57,432 - INFO - Progress saved: 900 URLs scraped, 2300 players found
2025-02-22 13:33:38,909 - INFO - Progress saved: 910 URLs scraped, 2330 players found
2025-02-22 13:34:26,058 - INFO - Progress saved: 920 URLs scraped, 2353 players found
2025-02-22 13:35:11,109 - INFO - Progress saved: 930 URLs scraped, 2379 players found
2025-02-22 13:35:59,172 - INFO - Progress saved: 940 URLs scraped, 2401 players found
2025-02-22 13:36:44,750 - INFO - Progress saved: 950 URLs scraped, 2423 players found
2025-02-22 13:37:35,814 - INFO - Progress saved: 960 URLs scraped, 2448 players found
2025-02-22 13:38:16,277 - INFO - Progress saved: 970 URLs scraped, 2473 players found
2025-02-22 13:38:58,529 - INFO - Progress saved: 980 URLs scraped, 2495 players found
2025-02-22 13:39:50,679 - INFO - Progress saved: 990 URLs scraped, 2515 players found
2025-02-22 13:40:41,225 - INFO - Progress saved: 1000 URLs scraped, 2538 players found
2025-02-22 13:41:58,500 - INFO - Progress saved: 1010 URLs scraped, 2563 players found
2025-02-22 13:43:26,892 - INFO - Progress saved: 1020 URLs scraped, 2598 players found
2025-02-22 13:44:57,436 - INFO - Progress saved: 1030 URLs scraped, 2619 players found
2025-02-22 13:45:45,595 - INFO - Progress saved: 1040 URLs scraped, 2640 players found
2025-02-22 13:46:32,749 - INFO - Progress saved: 1050 URLs scraped, 2668 players found
2025-02-22 13:48:01,670 - INFO - Progress saved: 1060 URLs scraped, 2689 players found
2025-02-22 13:49:39,062 - INFO - Progress saved: 1070 URLs scraped, 2716 players found
2025-02-22 13:50:29,361 - INFO - Progress saved: 1080 URLs scraped, 2742 players found
2025-02-22 13:51:34,219 - INFO - Progress saved: 1090 URLs scraped, 2769 players found
2025-02-22 13:52:28,122 - INFO - Progress saved: 1100 URLs scraped, 2797 players found
2025-02-22 13:54:09,060 - INFO - Progress saved: 1110 URLs scraped, 2824 players found
2025-02-22 13:55:12,958 - INFO - Progress saved: 1120 URLs scraped, 2855 players found
2025-02-22 13:56:42,961 - INFO - Progress saved: 1130 URLs scraped, 2873 players found
2025-02-22 13:57:54,162 - INFO - Progress saved: 1140 URLs scraped, 2901 players found
2025-02-22 13:59:20,989 - INFO - Progress saved: 1150 URLs scraped, 2934 players found
2025-02-22 14:00:47,614 - INFO - Progress saved: 1160 URLs scraped, 2965 players found
2025-02-22 14:01:47,590 - INFO - Progress saved: 1170 URLs scraped, 2994 players found
2025-02-22 14:02:52,991 - INFO - Progress saved: 1180 URLs scraped, 3022 players found
2025-02-22 14:03:42,470 - INFO - Progress saved: 1190 URLs scraped, 3043 players found
2025-02-22 14:04:28,084 - INFO - Progress saved: 1200 URLs scraped, 3067 players found
2025-02-22 14:05:29,764 - INFO - Progress saved: 1210 URLs scraped, 3093 players found
2025-02-22 14:06:21,465 - INFO - Progress saved: 1220 URLs scraped, 3123 players found
2025-02-22 14:07:09,927 - INFO - Progress saved: 1230 URLs scraped, 3141 players found
2025-02-22 14:07:58,531 - INFO - Progress saved: 1240 URLs scraped, 3160 players found
2025-02-22 14:08:39,052 - INFO - Progress saved: 1250 URLs scraped, 3184 players found
2025-02-22 14:09:23,023 - INFO - Progress saved: 1260 URLs scraped, 3206 players found
2025-02-22 14:10:06,310 - INFO - Progress saved: 1270 URLs scraped, 3230 players found
2025-02-22 14:10:53,451 - INFO - Progress saved: 1280 URLs scraped, 3253 players found
2025-02-22 14:11:48,641 - INFO - Progress saved: 1290 URLs scraped, 3286 players found
2025-02-22 14:12:40,588 - INFO - Progress saved: 1300 URLs scraped, 3323 players found
2025-02-22 14:13:21,184 - INFO - Progress saved: 1310 URLs scraped, 3344 players found
2025-02-22 14:14:09,164 - INFO - Progress saved: 1320 URLs scraped, 3376 players found
2025-02-22 14:14:53,211 - INFO - Progress saved: 1330 URLs scraped, 3415 players found
2025-02-22 14:15:35,561 - INFO - Progress saved: 1340 URLs scraped, 3445 players found
2025-02-22 14:16:20,804 - INFO - Progress saved: 1350 URLs scraped, 3463 players found
2025-02-22 14:17:07,855 - INFO - Progress saved: 1360 URLs scraped, 3495 players found
2025-02-22 14:17:52,599 - INFO - Progress saved: 1370 URLs scraped, 3521 players found
2025-02-22 14:18:46,177 - INFO - Progress saved: 1380 URLs scraped, 3551 players found
2025-02-22 14:19:30,588 - INFO - Progress saved: 1390 URLs scraped, 3576 players found
2025-02-22 14:20:13,824 - INFO - Progress saved: 1400 URLs scraped, 3602 players found
2025-02-22 14:21:04,632 - INFO - Progress saved: 1410 URLs scraped, 3628 players found
2025-02-22 14:22:01,165 - INFO - Progress saved: 1420 URLs scraped, 3654 players found
2025-02-22 14:22:51,462 - INFO - Progress saved: 1430 URLs scraped, 3683 players found
2025-02-22 14:23:43,011 - INFO - Progress saved: 1440 URLs scraped, 3714 players found
2025-02-22 14:24:37,774 - INFO - Progress saved: 1450 URLs scraped, 3747 players found
2025-02-22 14:25:25,492 - INFO - Progress saved: 1460 URLs scraped, 3780 players found
2025-02-22 14:26:11,100 - INFO - Progress saved: 1470 URLs scraped, 3812 players found
2025-02-22 14:27:08,192 - INFO - Progress saved: 1480 URLs scraped, 3840 players found
2025-02-22 14:27:55,390 - INFO - Progress saved: 1490 URLs scraped, 3863 players found
2025-02-22 14:28:47,636 - INFO - Progress saved: 1500 URLs scraped, 3892 players found
2025-02-22 14:29:27,787 - INFO - Progress saved: 1510 URLs scraped, 3907 players found
2025-02-22 14:30:07,838 - INFO - Progress saved: 1520 URLs scraped, 3928 players found
2025-02-22 14:30:53,687 - INFO - Progress saved: 1530 URLs scraped, 3955 players found
2025-02-22 14:31:41,248 - INFO - Progress saved: 1540 URLs scraped, 3987 players found
2025-02-22 14:32:29,580 - INFO - Progress saved: 1550 URLs scraped, 4014 players found
2025-02-22 14:33:17,358 - INFO - Progress saved: 1560 URLs scraped, 4042 players found
2025-02-22 14:34:04,464 - INFO - Progress saved: 1570 URLs scraped, 4066 players found
2025-02-22 14:34:49,294 - INFO - Progress saved: 1580 URLs scraped, 4086 players found
2025-02-22 14:35:38,493 - INFO - Progress saved: 1590 URLs scraped, 4114 players found
2025-02-22 14:36:29,076 - INFO - Progress saved: 1600 URLs scraped, 4142 players found
2025-02-22 14:37:16,766 - INFO - Progress saved: 1610 URLs scraped, 4172 players found
2025-02-22 14:38:02,226 - INFO - Progress saved: 1620 URLs scraped, 4190 players found
2025-02-22 14:38:53,718 - INFO - Progress saved: 1630 URLs scraped, 4212 players found
2025-02-22 14:39:33,757 - INFO - Progress saved: 1640 URLs scraped, 4235 players found
2025-02-22 14:40:19,800 - INFO - Progress saved: 1650 URLs scraped, 4260 players found
2025-02-22 14:41:06,871 - INFO - Progress saved: 1660 URLs scraped, 4281 players found
2025-02-22 14:41:53,920 - INFO - Progress saved: 1670 URLs scraped, 4298 players found
2025-02-22 14:42:44,973 - INFO - Progress saved: 1680 URLs scraped, 4321 players found
2025-02-22 14:43:33,347 - INFO - Progress saved: 1690 URLs scraped, 4342 players found
2025-02-22 14:44:16,716 - INFO - Progress saved: 1700 URLs scraped, 4366 players found
2025-02-22 14:45:05,826 - INFO - Progress saved: 1710 URLs scraped, 4395 players found
2025-02-22 14:45:52,998 - INFO - Progress saved: 1720 URLs scraped, 4423 players found
2025-02-22 14:46:37,767 - INFO - Progress saved: 1730 URLs scraped, 4451 players found
2025-02-22 14:47:19,606 - INFO - Progress saved: 1740 URLs scraped, 4483 players found
2025-02-22 14:48:06,104 - INFO - Progress saved: 1750 URLs scraped, 4512 players found
2025-02-22 14:48:51,655 - INFO - Progress saved: 1760 URLs scraped, 4531 players found
2025-02-22 14:49:30,235 - INFO - Progress saved: 1770 URLs scraped, 4559 players found
2025-02-22 14:50:20,503 - INFO - Progress saved: 1780 URLs scraped, 4588 players found
2025-02-22 14:51:12,907 - INFO - Progress saved: 1790 URLs scraped, 4613 players found
2025-02-22 14:52:19,487 - INFO - Progress saved: 1800 URLs scraped, 4639 players found
2025-02-22 14:53:19,021 - INFO - Progress saved: 1810 URLs scraped, 4654 players found
2025-02-22 14:54:17,722 - INFO - Progress saved: 1820 URLs scraped, 4679 players found
2025-02-22 14:54:57,090 - INFO - Progress saved: 1830 URLs scraped, 4688 players found
2025-02-22 14:56:04,482 - INFO - Progress saved: 1840 URLs scraped, 4712 players found
2025-02-22 14:57:03,207 - INFO - Progress saved: 1850 URLs scraped, 4737 players found
2025-02-22 14:57:54,359 - INFO - Progress saved: 1860 URLs scraped, 4759 players found
2025-02-22 14:58:41,503 - INFO - Progress saved: 1870 URLs scraped, 4778 players found
2025-02-22 14:59:34,212 - INFO - Progress saved: 1880 URLs scraped, 4806 players found
2025-02-22 15:00:23,763 - INFO - Progress saved: 1890 URLs scraped, 4835 players found
2025-02-22 15:01:07,481 - INFO - Progress saved: 1900 URLs scraped, 4853 players found
2025-02-22 15:02:04,129 - INFO - Progress saved: 1910 URLs scraped, 4883 players found
2025-02-22 15:02:57,612 - INFO - Progress saved: 1920 URLs scraped, 4907 players found
2025-02-22 15:03:56,513 - INFO - Progress saved: 1930 URLs scraped, 4936 players found
2025-02-22 15:04:52,063 - INFO - Progress saved: 1940 URLs scraped, 4967 players found
2025-02-22 15:05:46,929 - INFO - Progress saved: 1950 URLs scraped, 4998 players found
2025-02-22 15:06:38,768 - INFO - Progress saved: 1960 URLs scraped, 5021 players found
2025-02-22 15:07:25,114 - INFO - Progress saved: 1970 URLs scraped, 5047 players found
2025-02-22 15:08:13,514 - INFO - Progress saved: 1980 URLs scraped, 5082 players found
2025-02-22 15:09:08,666 - INFO - Progress saved: 1990 URLs scraped, 5118 players found
2025-02-22 15:09:47,922 - INFO - Progress saved: 2000 URLs scraped, 5149 players found
2025-02-22 15:10:35,701 - INFO - Progress saved: 2010 URLs scraped, 5178 players found
2025-02-22 15:11:25,523 - INFO - Progress saved: 2020 URLs scraped, 5201 players found
2025-02-22 15:12:12,694 - INFO - Progress saved: 2030 URLs scraped, 5230 players found
2025-02-22 15:12:52,953 - INFO - Progress saved: 2040 URLs scraped, 5254 players found
2025-02-22 15:13:38,374 - INFO - Progress saved: 2050 URLs scraped, 5286 players found
2025-02-22 15:14:27,544 - INFO - Progress saved: 2060 URLs scraped, 5315 players found
2025-02-22 15:15:16,482 - INFO - Progress saved: 2070 URLs scraped, 5349 players found
2025-02-22 15:16:03,975 - INFO - Progress saved: 2080 URLs scraped, 5372 players found
2025-02-22 15:16:56,827 - INFO - Progress saved: 2090 URLs scraped, 5402 players found
2025-02-22 15:17:48,240 - INFO - Progress saved: 2100 URLs scraped, 5430 players found
2025-02-22 15:18:32,916 - INFO - Progress saved: 2110 URLs scraped, 5450 players found
2025-02-22 15:19:28,891 - INFO - Progress saved: 2120 URLs scraped, 5477 players found
2025-02-22 15:20:20,911 - INFO - Progress saved: 2130 URLs scraped, 5507 players found
2025-02-22 15:21:05,081 - INFO - Progress saved: 2140 URLs scraped, 5531 players found
2025-02-22 15:21:50,161 - INFO - Progress saved: 2150 URLs scraped, 5558 players found
2025-02-22 15:22:31,841 - INFO - Progress saved: 2160 URLs scraped, 5585 players found
2025-02-22 15:23:18,543 - INFO - Progress saved: 2170 URLs scraped, 5607 players found
2025-02-22 15:24:02,481 - INFO - Progress saved: 2180 URLs scraped, 5634 players found
2025-02-22 15:24:51,419 - INFO - Progress saved: 2190 URLs scraped, 5655 players found
2025-02-22 15:25:35,884 - INFO - Progress saved: 2200 URLs scraped, 5677 players found
2025-02-22 15:26:17,543 - INFO - Progress saved: 2210 URLs scraped, 5693 players found
2025-02-22 15:27:03,798 - INFO - Progress saved: 2220 URLs scraped, 5717 players found
2025-02-22 15:28:02,020 - INFO - Progress saved: 2230 URLs scraped, 5750 players found
2025-02-22 15:28:47,395 - INFO - Progress saved: 2240 URLs scraped, 5776 players found
2025-02-22 15:29:35,217 - INFO - Progress saved: 2250 URLs scraped, 5797 players found
2025-02-22 15:30:31,992 - INFO - Progress saved: 2260 URLs scraped, 5824 players found
2025-02-22 15:31:27,753 - INFO - Progress saved: 2270 URLs scraped, 5853 players found
2025-02-22 15:32:19,087 - INFO - Progress saved: 2280 URLs scraped, 5884 players found
2025-02-22 15:33:04,168 - INFO - Progress saved: 2290 URLs scraped, 5907 players found
2025-02-22 15:33:49,789 - INFO - Progress saved: 2300 URLs scraped, 5927 players found
2025-02-22 15:34:36,821 - INFO - Progress saved: 2310 URLs scraped, 5946 players found
2025-02-22 15:35:24,537 - INFO - Progress saved: 2320 URLs scraped, 5969 players found
2025-02-22 15:36:22,583 - INFO - Progress saved: 2330 URLs scraped, 6002 players found
2025-02-22 15:37:07,010 - INFO - Progress saved: 2340 URLs scraped, 6021 players found
2025-02-22 15:38:02,095 - INFO - Progress saved: 2350 URLs scraped, 6054 players found
2025-02-22 15:38:50,084 - INFO - Progress saved: 2360 URLs scraped, 6073 players found
2025-02-22 15:39:46,843 - INFO - Progress saved: 2370 URLs scraped, 6100 players found
2025-02-22 15:40:37,769 - INFO - Progress saved: 2380 URLs scraped, 6134 players found
2025-02-22 15:41:28,912 - INFO - Progress saved: 2390 URLs scraped, 6157 players found
2025-02-22 15:42:27,550 - INFO - Progress saved: 2400 URLs scraped, 6188 players found
2025-02-22 15:43:10,456 - INFO - Progress saved: 2410 URLs scraped, 6212 players found
2025-02-22 15:43:54,190 - INFO - Progress saved: 2420 URLs scraped, 6234 players found
2025-02-22 15:44:37,450 - INFO - Progress saved: 2430 URLs scraped, 6263 players found
2025-02-22 15:45:21,173 - INFO - Progress saved: 2440 URLs scraped, 6282 players found
2025-02-22 15:46:10,441 - INFO - Progress saved: 2450 URLs scraped, 6314 players found
2025-02-22 15:46:55,754 - INFO - Progress saved: 2460 URLs scraped, 6338 players found
2025-02-22 15:47:43,644 - INFO - Progress saved: 2470 URLs scraped, 6360 players found
2025-02-22 15:48:29,878 - INFO - Progress saved: 2480 URLs scraped, 6386 players found
2025-02-22 15:49:17,599 - INFO - Progress saved: 2490 URLs scraped, 6410 players found
2025-02-22 15:50:02,040 - INFO - Progress saved: 2500 URLs scraped, 6440 players found
2025-02-22 15:50:52,896 - INFO - Progress saved: 2510 URLs scraped, 6469 players found
2025-02-22 15:51:39,534 - INFO - Progress saved: 2520 URLs scraped, 6498 players found
2025-02-22 15:52:28,217 - INFO - Progress saved: 2530 URLs scraped, 6519 players found
2025-02-22 15:53:12,398 - INFO - Progress saved: 2540 URLs scraped, 6542 players found
2025-02-22 15:54:07,932 - INFO - Progress saved: 2550 URLs scraped, 6564 players found
2025-02-22 15:54:55,869 - INFO - Progress saved: 2560 URLs scraped, 6592 players found
2025-02-22 15:55:45,323 - INFO - Progress saved: 2570 URLs scraped, 6621 players found
2025-02-22 15:56:35,086 - INFO - Progress saved: 2580 URLs scraped, 6646 players found
2025-02-22 15:57:22,263 - INFO - Progress saved: 2590 URLs scraped, 6680 players found
2025-02-22 15:58:10,636 - INFO - Progress saved: 2600 URLs scraped, 6709 players found
2025-02-22 15:59:00,609 - INFO - Progress saved: 2610 URLs scraped, 6735 players found
2025-02-22 15:59:50,235 - INFO - Progress saved: 2620 URLs scraped, 6753 players found
2025-02-22 16:00:35,886 - INFO - Progress saved: 2630 URLs scraped, 6775 players found
2025-02-22 16:01:31,439 - INFO - Progress saved: 2640 URLs scraped, 6798 players found
2025-02-22 16:02:14,473 - INFO - Progress saved: 2650 URLs scraped, 6823 players found
2025-02-22 16:03:01,798 - INFO - Progress saved: 2660 URLs scraped, 6845 players found
2025-02-22 16:03:59,304 - INFO - Progress saved: 2670 URLs scraped, 6874 players found
2025-02-22 16:04:53,215 - INFO - Progress saved: 2680 URLs scraped, 6896 players found
2025-02-22 16:05:44,484 - INFO - Progress saved: 2690 URLs scraped, 6924 players found
2025-02-22 16:06:38,034 - INFO - Progress saved: 2700 URLs scraped, 6953 players found
2025-02-22 16:07:24,572 - INFO - Progress saved: 2710 URLs scraped, 6981 players found
2025-02-22 16:08:08,310 - INFO - Progress saved: 2720 URLs scraped, 7016 players found
2025-02-22 16:08:55,681 - INFO - Progress saved: 2730 URLs scraped, 7034 players found
2025-02-22 16:09:45,242 - INFO - Progress saved: 2740 URLs scraped, 7060 players found
2025-02-22 16:10:36,282 - INFO - Progress saved: 2750 URLs scraped, 7090 players found
2025-02-22 16:11:24,537 - INFO - Progress saved: 2760 URLs scraped, 7111 players found
2025-02-22 16:12:13,960 - INFO - Progress saved: 2770 URLs scraped, 7149 players found
2025-02-22 16:12:59,788 - INFO - Progress saved: 2780 URLs scraped, 7186 players found
2025-02-22 16:13:48,661 - INFO - Progress saved: 2790 URLs scraped, 7211 players found
2025-02-22 16:14:35,852 - INFO - Progress saved: 2800 URLs scraped, 7244 players found
2025-02-22 16:15:26,864 - INFO - Progress saved: 2810 URLs scraped, 7271 players found
2025-02-22 16:16:22,480 - INFO - Progress saved: 2820 URLs scraped, 7305 players found
2025-02-22 16:17:05,037 - INFO - Progress saved: 2830 URLs scraped, 7335 players found
2025-02-22 16:17:56,795 - INFO - Progress saved: 2840 URLs scraped, 7359 players found
2025-02-22 16:18:44,331 - INFO - Progress saved: 2850 URLs scraped, 7382 players found
2025-02-22 16:19:38,520 - INFO - Progress saved: 2860 URLs scraped, 7412 players found
2025-02-22 16:20:26,820 - INFO - Progress saved: 2870 URLs scraped, 7436 players found
2025-02-22 16:21:11,292 - INFO - Progress saved: 2880 URLs scraped, 7465 players found
2025-02-22 16:22:00,688 - INFO - Progress saved: 2890 URLs scraped, 7493 players found
2025-02-22 16:22:44,017 - INFO - Progress saved: 2900 URLs scraped, 7517 players found
2025-02-22 16:23:32,095 - INFO - Progress saved: 2910 URLs scraped, 7545 players found
2025-02-22 16:24:23,536 - INFO - Progress saved: 2920 URLs scraped, 7572 players found
2025-02-22 16:25:08,449 - INFO - Progress saved: 2930 URLs scraped, 7599 players found
2025-02-22 16:25:52,909 - INFO - Progress saved: 2940 URLs scraped, 7622 players found
2025-02-22 16:26:36,508 - INFO - Progress saved: 2950 URLs scraped, 7651 players found
2025-02-22 16:27:26,803 - INFO - Progress saved: 2960 URLs scraped, 7685 players found
2025-02-22 16:28:05,459 - INFO - Progress saved: 2970 URLs scraped, 7708 players found
2025-02-22 16:28:51,738 - INFO - Progress saved: 2980 URLs scraped, 7729 players found
2025-02-22 16:29:38,994 - INFO - Progress saved: 2990 URLs scraped, 7756 players found
2025-02-22 16:30:22,912 - INFO - Progress saved: 3000 URLs scraped, 7782 players found
2025-02-22 16:31:21,529 - INFO - Progress saved: 3010 URLs scraped, 7809 players found
2025-02-22 16:32:07,407 - INFO - Progress saved: 3020 URLs scraped, 7836 players found
2025-02-22 16:32:58,930 - INFO - Progress saved: 3030 URLs scraped, 7858 players found
2025-02-22 16:33:48,733 - INFO - Progress saved: 3040 URLs scraped, 7884 players found
2025-02-22 16:34:39,655 - INFO - Progress saved: 3050 URLs scraped, 7906 players found
2025-02-22 16:35:21,210 - INFO - Progress saved: 3060 URLs scraped, 7931 players found
2025-02-22 16:36:16,381 - INFO - Progress saved: 3070 URLs scraped, 7967 players found
2025-02-22 16:37:15,068 - INFO - Progress saved: 3080 URLs scraped, 7998 players found
2025-02-22 16:38:01,624 - INFO - Progress saved: 3090 URLs scraped, 8024 players found
2025-02-22 16:38:52,805 - INFO - Progress saved: 3100 URLs scraped, 8053 players found
2025-02-22 16:39:39,692 - INFO - Progress saved: 3110 URLs scraped, 8086 players found
2025-02-22 16:40:24,852 - INFO - Progress saved: 3120 URLs scraped, 8105 players found
2025-02-22 16:41:21,749 - INFO - Progress saved: 3130 URLs scraped, 8127 players found
2025-02-22 16:42:19,347 - INFO - Progress saved: 3140 URLs scraped, 8162 players found
2025-02-22 16:42:57,376 - INFO - Progress saved: 3150 URLs scraped, 8185 players found
2025-02-22 16:43:43,255 - INFO - Progress saved: 3160 URLs scraped, 8213 players found
2025-02-22 16:44:39,720 - INFO - Progress saved: 3170 URLs scraped, 8240 players found
2025-02-22 16:45:25,256 - INFO - Progress saved: 3180 URLs scraped, 8265 players found
2025-02-22 16:46:18,381 - INFO - Progress saved: 3190 URLs scraped, 8300 players found
2025-02-22 16:47:09,140 - INFO - Progress saved: 3200 URLs scraped, 8322 players found
2025-02-22 16:48:00,994 - INFO - Progress saved: 3210 URLs scraped, 8348 players found
2025-02-22 16:48:58,953 - INFO - Progress saved: 3220 URLs scraped, 8377 players found
2025-02-22 16:50:05,607 - INFO - Progress saved: 3230 URLs scraped, 8411 players found
2025-02-22 16:51:04,944 - INFO - Progress saved: 3240 URLs scraped, 8439 players found
2025-02-22 16:51:47,820 - INFO - Progress saved: 3250 URLs scraped, 8465 players found
2025-02-22 16:52:35,067 - INFO - Progress saved: 3260 URLs scraped, 8498 players found
2025-02-22 16:53:22,256 - INFO - Progress saved: 3270 URLs scraped, 8515 players found
2025-02-22 16:54:07,747 - INFO - Progress saved: 3280 URLs scraped, 8546 players found
2025-02-22 16:54:52,799 - INFO - Progress saved: 3290 URLs scraped, 8581 players found
2025-02-22 16:55:38,402 - INFO - Progress saved: 3300 URLs scraped, 8602 players found
2025-02-22 16:56:26,551 - INFO - Progress saved: 3310 URLs scraped, 8626 players found
2025-02-22 16:57:20,224 - INFO - Progress saved: 3320 URLs scraped, 8659 players found
2025-02-22 16:58:08,649 - INFO - Progress saved: 3330 URLs scraped, 8682 players found
2025-02-22 16:59:03,880 - INFO - Progress saved: 3340 URLs scraped, 8710 players found
2025-02-22 16:59:53,823 - INFO - Progress saved: 3350 URLs scraped, 8736 players found
2025-02-22 17:00:44,433 - INFO - Progress saved: 3360 URLs scraped, 8763 players found
2025-02-22 17:01:32,753 - INFO - Progress saved: 3370 URLs scraped, 8790 players found
2025-02-22 17:02:31,318 - INFO - Progress saved: 3380 URLs scraped, 8822 players found
2025-02-22 17:03:15,461 - INFO - Progress saved: 3390 URLs scraped, 8850 players found
2025-02-22 17:04:06,312 - INFO - Progress saved: 3400 URLs scraped, 8876 players found
2025-02-22 17:04:46,654 - INFO - Progress saved: 3410 URLs scraped, 8905 players found
2025-02-22 17:05:33,157 - INFO - Progress saved: 3420 URLs scraped, 8931 players found
2025-02-22 17:06:18,343 - INFO - Progress saved: 3430 URLs scraped, 8951 players found
2025-02-22 17:06:59,523 - INFO - Progress saved: 3440 URLs scraped, 8968 players found
2025-02-22 17:07:53,414 - INFO - Progress saved: 3450 URLs scraped, 8997 players found
2025-02-22 17:08:42,221 - INFO - Progress saved: 3460 URLs scraped, 9021 players found
2025-02-22 17:09:36,851 - INFO - Progress saved: 3470 URLs scraped, 9054 players found
2025-02-22 17:10:29,688 - INFO - Progress saved: 3480 URLs scraped, 9080 players found
2025-02-22 17:11:19,544 - INFO - Progress saved: 3490 URLs scraped, 9104 players found
2025-02-22 17:12:20,057 - INFO - Progress saved: 3500 URLs scraped, 9136 players found
2025-02-22 17:13:09,119 - INFO - Progress saved: 3510 URLs scraped, 9157 players found
2025-02-22 17:14:00,323 - INFO - Progress saved: 3520 URLs scraped, 9185 players found
2025-02-22 17:14:46,577 - INFO - Progress saved: 3530 URLs scraped, 9217 players found
2025-02-22 18:05:01,644 - INFO - Combined 15 files into DataFrame with 185124 rows
2025-02-22 18:05:01,679 - INFO - Loaded progress from scraper_progress.bak: 3530 URLs scraped
2025-02-22 18:05:57,917 - INFO - Progress saved: 3540 URLs scraped, 9239 players found
2025-02-22 18:06:49,893 - INFO - Progress saved: 3550 URLs scraped, 9260 players found
2025-02-22 18:07:46,045 - INFO - Progress saved: 3560 URLs scraped, 9286 players found
2025-02-22 18:08:42,520 - INFO - Progress saved: 3570 URLs scraped, 9310 players found
2025-02-22 18:09:32,630 - INFO - Progress saved: 3580 URLs scraped, 9333 players found
2025-02-22 18:10:26,504 - INFO - Progress saved: 3590 URLs scraped, 9362 players found
2025-02-22 18:11:19,345 - INFO - Progress saved: 3600 URLs scraped, 9387 players found
2025-02-22 18:12:11,855 - INFO - Progress saved: 3610 URLs scraped, 9408 players found
2025-02-22 18:13:04,511 - INFO - Progress saved: 3620 URLs scraped, 9439 players found
2025-02-22 18:13:54,896 - INFO - Progress saved: 3630 URLs scraped, 9466 players found
2025-02-22 18:14:45,880 - INFO - Progress saved: 3640 URLs scraped, 9490 players found
2025-02-22 18:15:35,973 - INFO - Progress saved: 3650 URLs scraped, 9518 players found
2025-02-22 18:16:21,596 - INFO - Progress saved: 3660 URLs scraped, 9548 players found
2025-02-22 18:17:06,290 - INFO - Progress saved: 3670 URLs scraped, 9566 players found
2025-02-22 18:17:59,104 - INFO - Progress saved: 3680 URLs scraped, 9595 players found
2025-02-22 18:18:55,853 - INFO - Progress saved: 3690 URLs scraped, 9618 players found
2025-02-22 18:19:47,351 - INFO - Progress saved: 3700 URLs scraped, 9651 players found
2025-02-22 18:20:36,320 - INFO - Progress saved: 3710 URLs scraped, 9680 players found
2025-02-22 18:21:25,460 - INFO - Progress saved: 3720 URLs scraped, 9705 players found
2025-02-22 18:22:14,768 - INFO - Progress saved: 3730 URLs scraped, 9738 players found
2025-02-22 18:23:00,475 - INFO - Progress saved: 3740 URLs scraped, 9762 players found
2025-02-22 18:23:46,103 - INFO - Progress saved: 3750 URLs scraped, 9787 players found
2025-02-22 18:24:42,907 - INFO - Progress saved: 3760 URLs scraped, 9815 players found
2025-02-22 18:25:37,987 - INFO - Progress saved: 3770 URLs scraped, 9842 players found
2025-02-22 18:26:32,675 - INFO - Progress saved: 3780 URLs scraped, 9864 players found
2025-02-22 18:27:33,927 - INFO - Progress saved: 3790 URLs scraped, 9891 players found
2025-02-22 18:28:23,610 - INFO - Progress saved: 3800 URLs scraped, 9922 players found
2025-02-22 18:29:12,410 - INFO - Progress saved: 3810 URLs scraped, 9956 players found
2025-02-22 18:29:59,053 - INFO - Progress saved: 3820 URLs scraped, 9980 players found
2025-02-22 18:30:49,280 - INFO - Progress saved: 3830 URLs scraped, 10008 players found
2025-02-22 18:31:53,394 - INFO - Progress saved: 3840 URLs scraped, 10042 players found
2025-02-22 18:32:41,247 - INFO - Progress saved: 3850 URLs scraped, 10069 players found
2025-02-22 18:33:34,418 - INFO - Progress saved: 3860 URLs scraped, 10099 players found
2025-02-22 18:34:26,271 - INFO - Progress saved: 3870 URLs scraped, 10126 players found
2025-02-22 18:35:12,776 - INFO - Progress saved: 3880 URLs scraped, 10149 players found
2025-02-22 18:35:59,385 - INFO - Progress saved: 3890 URLs scraped, 10176 players found
2025-02-22 18:36:49,575 - INFO - Progress saved: 3900 URLs scraped, 10200 players found
2025-02-22 18:37:36,194 - INFO - Progress saved: 3910 URLs scraped, 10224 players found
2025-02-22 18:38:26,102 - INFO - Progress saved: 3920 URLs scraped, 10248 players found
2025-02-22 18:39:14,294 - INFO - Progress saved: 3930 URLs scraped, 10273 players found
2025-02-22 18:40:03,079 - INFO - Progress saved: 3940 URLs scraped, 10300 players found
2025-02-22 18:40:54,806 - INFO - Progress saved: 3950 URLs scraped, 10333 players found
2025-02-22 18:41:44,551 - INFO - Progress saved: 3960 URLs scraped, 10358 players found
2025-02-22 18:42:30,049 - INFO - Progress saved: 3970 URLs scraped, 10381 players found
2025-02-22 18:43:21,188 - INFO - Progress saved: 3980 URLs scraped, 10407 players found
2025-02-22 18:44:09,286 - INFO - Progress saved: 3990 URLs scraped, 10436 players found
2025-02-22 18:44:58,342 - INFO - Progress saved: 4000 URLs scraped, 10464 players found
2025-02-22 18:45:49,025 - INFO - Progress saved: 4010 URLs scraped, 10484 players found
2025-02-22 18:46:41,128 - INFO - Progress saved: 4020 URLs scraped, 10511 players found
2025-02-22 18:47:37,202 - INFO - Progress saved: 4030 URLs scraped, 10549 players found
2025-02-22 18:48:33,435 - INFO - Progress saved: 4040 URLs scraped, 10573 players found
2025-02-22 18:49:22,606 - INFO - Progress saved: 4050 URLs scraped, 10602 players found
2025-02-22 18:50:15,433 - INFO - Progress saved: 4060 URLs scraped, 10634 players found
2025-02-22 18:51:08,088 - INFO - Progress saved: 4070 URLs scraped, 10663 players found
2025-02-22 18:52:01,217 - INFO - Progress saved: 4080 URLs scraped, 10693 players found
2025-02-22 18:52:47,582 - INFO - Progress saved: 4090 URLs scraped, 10718 players found
2025-02-22 18:53:30,822 - INFO - Progress saved: 4100 URLs scraped, 10738 players found
2025-02-22 18:54:15,949 - INFO - Progress saved: 4110 URLs scraped, 10754 players found
2025-02-22 18:55:00,897 - INFO - Progress saved: 4120 URLs scraped, 10770 players found
2025-02-22 18:55:54,429 - INFO - Progress saved: 4130 URLs scraped, 10794 players found
2025-02-22 18:56:46,599 - INFO - Progress saved: 4140 URLs scraped, 10818 players found
2025-02-22 18:57:38,343 - INFO - Progress saved: 4150 URLs scraped, 10857 players found
2025-02-22 18:58:25,553 - INFO - Progress saved: 4160 URLs scraped, 10882 players found
2025-02-22 18:59:14,029 - INFO - Progress saved: 4170 URLs scraped, 10913 players found
2025-02-22 19:00:03,153 - INFO - Progress saved: 4180 URLs scraped, 10935 players found
2025-02-22 19:01:01,798 - INFO - Progress saved: 4190 URLs scraped, 10963 players found
2025-02-22 19:01:52,235 - INFO - Progress saved: 4200 URLs scraped, 10985 players found
2025-02-22 19:02:42,739 - INFO - Progress saved: 4210 URLs scraped, 11010 players found
2025-02-22 19:03:34,220 - INFO - Progress saved: 4220 URLs scraped, 11031 players found
2025-02-22 19:04:26,711 - INFO - Progress saved: 4230 URLs scraped, 11057 players found
2025-02-22 19:05:27,873 - INFO - Progress saved: 4240 URLs scraped, 11085 players found
2025-02-22 19:06:22,536 - INFO - Progress saved: 4250 URLs scraped, 11109 players found
2025-02-22 19:07:13,096 - INFO - Progress saved: 4260 URLs scraped, 11137 players found
2025-02-22 19:07:58,809 - INFO - Progress saved: 4270 URLs scraped, 11153 players found
2025-02-22 19:08:57,931 - INFO - Progress saved: 4280 URLs scraped, 11181 players found
2025-02-22 19:09:54,844 - INFO - Progress saved: 4290 URLs scraped, 11203 players found
2025-02-22 19:10:43,949 - INFO - Progress saved: 4300 URLs scraped, 11230 players found
2025-02-22 19:11:43,071 - INFO - Progress saved: 4310 URLs scraped, 11257 players found
2025-02-22 19:12:44,653 - INFO - Progress saved: 4320 URLs scraped, 11284 players found
2025-02-22 19:13:39,407 - INFO - Progress saved: 4330 URLs scraped, 11310 players found
2025-02-22 19:14:46,980 - INFO - Progress saved: 4340 URLs scraped, 11343 players found
2025-02-22 19:15:59,005 - INFO - Progress saved: 4350 URLs scraped, 11362 players found
2025-02-22 19:16:55,762 - INFO - Progress saved: 4360 URLs scraped, 11383 players found
2025-02-22 19:17:47,433 - INFO - Progress saved: 4370 URLs scraped, 11407 players found
2025-02-22 19:18:39,839 - INFO - Progress saved: 4380 URLs scraped, 11438 players found
2025-02-22 19:19:43,140 - INFO - Progress saved: 4390 URLs scraped, 11473 players found
2025-02-22 19:20:41,627 - INFO - Progress saved: 4400 URLs scraped, 11497 players found
2025-02-22 19:21:39,604 - INFO - Progress saved: 4410 URLs scraped, 11525 players found
2025-02-22 19:22:34,703 - INFO - Progress saved: 4420 URLs scraped, 11552 players found
2025-02-22 19:23:34,693 - INFO - Progress saved: 4430 URLs scraped, 11578 players found
2025-02-22 19:24:37,803 - INFO - Progress saved: 4440 URLs scraped, 11600 players found
2025-02-22 19:25:39,899 - INFO - Progress saved: 4450 URLs scraped, 11633 players found
2025-02-22 19:26:32,966 - INFO - Progress saved: 4460 URLs scraped, 11666 players found
2025-02-22 19:27:18,060 - INFO - Progress saved: 4470 URLs scraped, 11687 players found
2025-02-22 19:28:13,740 - INFO - Progress saved: 4480 URLs scraped, 11711 players found
2025-02-22 19:29:10,422 - INFO - Progress saved: 4490 URLs scraped, 11737 players found
2025-02-22 19:30:04,235 - INFO - Progress saved: 4500 URLs scraped, 11759 players found
2025-02-22 19:31:03,743 - INFO - Progress saved: 4510 URLs scraped, 11789 players found
2025-02-22 19:32:03,149 - INFO - Progress saved: 4520 URLs scraped, 11811 players found
2025-02-22 19:32:51,083 - INFO - Progress saved: 4530 URLs scraped, 11839 players found
2025-02-22 19:33:43,443 - INFO - Progress saved: 4540 URLs scraped, 11872 players found
2025-02-22 19:34:28,010 - INFO - Progress saved: 4550 URLs scraped, 11901 players found
2025-02-22 19:35:17,859 - INFO - Progress saved: 4560 URLs scraped, 11928 players found
2025-02-22 19:36:04,756 - INFO - Progress saved: 4570 URLs scraped, 11945 players found
2025-02-22 19:36:57,962 - INFO - Progress saved: 4580 URLs scraped, 11975 players found
2025-02-22 19:37:58,406 - INFO - Progress saved: 4590 URLs scraped, 11995 players found
2025-02-22 19:38:42,809 - INFO - Progress saved: 4600 URLs scraped, 12014 players found
2025-02-22 19:39:41,061 - INFO - Progress saved: 4610 URLs scraped, 12042 players found
2025-02-22 19:40:31,556 - INFO - Progress saved: 4620 URLs scraped, 12070 players found
2025-02-22 19:41:26,631 - INFO - Progress saved: 4630 URLs scraped, 12097 players found
2025-02-22 19:42:27,594 - INFO - Progress saved: 4640 URLs scraped, 12127 players found
2025-02-22 19:43:20,562 - INFO - Progress saved: 4650 URLs scraped, 12153 players found
2025-02-22 19:44:20,540 - INFO - Progress saved: 4660 URLs scraped, 12170 players found
2025-02-22 19:45:14,421 - INFO - Progress saved: 4670 URLs scraped, 12185 players found
2025-02-22 19:46:14,787 - INFO - Progress saved: 4680 URLs scraped, 12210 players found
2025-02-22 19:47:13,268 - INFO - Progress saved: 4690 URLs scraped, 12228 players found
2025-02-22 19:48:09,806 - INFO - Progress saved: 4700 URLs scraped, 12256 players found
2025-02-22 19:49:02,661 - INFO - Progress saved: 4710 URLs scraped, 12287 players found
2025-02-22 19:49:47,935 - INFO - Progress saved: 4720 URLs scraped, 12309 players found
2025-02-22 19:50:43,710 - INFO - Progress saved: 4730 URLs scraped, 12335 players found
2025-02-22 19:52:04,776 - INFO - Progress saved: 4740 URLs scraped, 12357 players found
2025-02-22 19:52:58,133 - INFO - Progress saved: 4750 URLs scraped, 12383 players found
2025-02-22 19:53:57,074 - INFO - Progress saved: 4760 URLs scraped, 12403 players found
2025-02-22 19:54:51,587 - INFO - Progress saved: 4770 URLs scraped, 12431 players found
2025-02-22 19:55:49,141 - INFO - Progress saved: 4780 URLs scraped, 12460 players found
2025-02-22 19:56:55,633 - INFO - Progress saved: 4790 URLs scraped, 12491 players found
2025-02-22 19:57:51,242 - INFO - Progress saved: 4800 URLs scraped, 12517 players found
2025-02-22 19:58:52,587 - INFO - Progress saved: 4810 URLs scraped, 12544 players found
2025-02-22 19:59:43,964 - INFO - Progress saved: 4820 URLs scraped, 12574 players found
2025-02-22 20:00:37,462 - INFO - Progress saved: 4830 URLs scraped, 12607 players found
2025-02-22 20:01:22,472 - INFO - Progress saved: 4840 URLs scraped, 12628 players found
2025-02-22 20:02:23,822 - INFO - Progress saved: 4850 URLs scraped, 12653 players found
2025-02-22 20:03:26,790 - INFO - Progress saved: 4860 URLs scraped, 12680 players found
2025-02-22 20:04:29,386 - INFO - Progress saved: 4870 URLs scraped, 12714 players found
2025-02-22 20:05:17,704 - INFO - Progress saved: 4880 URLs scraped, 12738 players found
2025-02-22 20:06:04,936 - INFO - Progress saved: 4890 URLs scraped, 12765 players found
2025-02-22 20:06:53,127 - INFO - Progress saved: 4900 URLs scraped, 12783 players found
2025-02-22 20:07:54,965 - INFO - Progress saved: 4910 URLs scraped, 12801 players found
2025-02-22 20:08:51,529 - INFO - Progress saved: 4920 URLs scraped, 12831 players found
2025-02-22 20:09:39,848 - INFO - Progress saved: 4930 URLs scraped, 12864 players found
2025-02-22 20:10:32,115 - INFO - Progress saved: 4940 URLs scraped, 12886 players found
2025-02-22 20:11:28,387 - INFO - Progress saved: 4950 URLs scraped, 12913 players found
2025-02-22 20:12:19,851 - INFO - Progress saved: 4960 URLs scraped, 12940 players found
2025-02-22 20:13:27,297 - INFO - Progress saved: 4970 URLs scraped, 12965 players found
2025-02-22 20:14:09,577 - INFO - Progress saved: 4980 URLs scraped, 12987 players found
2025-02-22 20:15:18,630 - INFO - Progress saved: 4990 URLs scraped, 13018 players found
2025-02-22 20:16:21,718 - INFO - Progress saved: 5000 URLs scraped, 13036 players found
2025-02-22 20:17:13,822 - INFO - Progress saved: 5010 URLs scraped, 13064 players found
2025-02-22 20:18:06,753 - INFO - Progress saved: 5020 URLs scraped, 13091 players found
2025-02-22 20:19:03,001 - INFO - Progress saved: 5030 URLs scraped, 13125 players found
2025-02-22 20:19:52,160 - INFO - Progress saved: 5040 URLs scraped, 13146 players found
2025-02-22 20:21:23,576 - INFO - Progress saved: 5050 URLs scraped, 13181 players found
2025-02-22 20:22:09,964 - INFO - Progress saved: 5060 URLs scraped, 13200 players found
2025-02-22 20:23:05,240 - INFO - Progress saved: 5070 URLs scraped, 13229 players found
2025-02-22 20:24:02,812 - INFO - Progress saved: 5080 URLs scraped, 13253 players found
2025-02-22 20:25:07,875 - INFO - Progress saved: 5090 URLs scraped, 13286 players found
2025-02-22 20:26:00,220 - INFO - Progress saved: 5100 URLs scraped, 13316 players found
2025-02-22 20:27:01,172 - INFO - Progress saved: 5110 URLs scraped, 13342 players found
2025-02-22 20:27:58,160 - INFO - Progress saved: 5120 URLs scraped, 13375 players found
2025-02-22 20:28:55,236 - INFO - Progress saved: 5130 URLs scraped, 13400 players found
2025-02-22 20:30:00,400 - INFO - Progress saved: 5140 URLs scraped, 13427 players found
2025-02-22 20:30:48,390 - INFO - Progress saved: 5150 URLs scraped, 13449 players found
2025-02-22 20:31:46,332 - INFO - Progress saved: 5160 URLs scraped, 13483 players found
2025-02-22 20:32:38,664 - INFO - Progress saved: 5170 URLs scraped, 13512 players found
2025-02-22 20:33:29,063 - INFO - Progress saved: 5180 URLs scraped, 13536 players found
2025-02-22 20:34:33,297 - INFO - Progress saved: 5190 URLs scraped, 13560 players found
2025-02-22 20:35:31,887 - INFO - Progress saved: 5200 URLs scraped, 13584 players found
2025-02-22 20:36:27,878 - INFO - Progress saved: 5210 URLs scraped, 13607 players found
2025-02-22 20:37:21,325 - INFO - Progress saved: 5220 URLs scraped, 13628 players found
2025-02-22 20:38:23,534 - INFO - Progress saved: 5230 URLs scraped, 13653 players found
2025-02-22 20:39:41,914 - INFO - Progress saved: 5240 URLs scraped, 13677 players found
2025-02-22 20:41:13,998 - INFO - Progress saved: 5250 URLs scraped, 13702 players found
2025-02-22 20:43:18,343 - INFO - Progress saved: 5260 URLs scraped, 13737 players found
2025-02-22 20:44:25,438 - INFO - Progress saved: 5270 URLs scraped, 13762 players found
2025-02-22 20:46:13,148 - INFO - Progress saved: 5280 URLs scraped, 13789 players found
2025-02-22 20:47:48,397 - INFO - Progress saved: 5290 URLs scraped, 13812 players found
2025-02-22 20:49:01,520 - INFO - Progress saved: 5300 URLs scraped, 13832 players found
2025-02-22 20:50:08,979 - INFO - Progress saved: 5310 URLs scraped, 13858 players found
2025-02-22 20:51:48,954 - INFO - Progress saved: 5320 URLs scraped, 13888 players found
2025-02-22 20:53:39,513 - INFO - Progress saved: 5330 URLs scraped, 13913 players found
2025-02-22 20:55:14,880 - INFO - Progress saved: 5340 URLs scraped, 13942 players found
2025-02-22 20:56:33,570 - INFO - Progress saved: 5350 URLs scraped, 13961 players found
2025-02-22 20:58:24,611 - INFO - Progress saved: 5360 URLs scraped, 13990 players found
2025-02-22 20:59:54,744 - INFO - Progress saved: 5370 URLs scraped, 14015 players found
2025-02-22 21:00:51,232 - INFO - Progress saved: 5380 URLs scraped, 14042 players found
2025-02-22 21:02:11,646 - INFO - Progress saved: 5390 URLs scraped, 14067 players found
2025-02-22 21:03:18,661 - INFO - Progress saved: 5400 URLs scraped, 14084 players found
2025-02-22 21:04:39,258 - INFO - Progress saved: 5410 URLs scraped, 14110 players found
2025-02-22 21:05:46,167 - INFO - Progress saved: 5420 URLs scraped, 14137 players found
2025-02-22 21:06:34,984 - INFO - Progress saved: 5430 URLs scraped, 14166 players found
2025-02-22 21:07:29,597 - INFO - Progress saved: 5440 URLs scraped, 14196 players found
2025-02-22 21:08:43,201 - INFO - Progress saved: 5450 URLs scraped, 14222 players found
2025-02-22 21:10:38,181 - INFO - Progress saved: 5460 URLs scraped, 14249 players found
2025-02-22 21:11:09,530 - ERROR - Error processing https://stats.ncaa.org/players/8901835: HTTPSConnectionPool(host='stats.ncaa.org', port=443): Read timed out. (read timeout=30)
2025-02-22 21:13:21,124 - INFO - Progress saved: 5470 URLs scraped, 14275 players found
2025-02-22 21:14:55,895 - INFO - Progress saved: 5480 URLs scraped, 14305 players found
2025-02-22 21:17:12,407 - INFO - Progress saved: 5490 URLs scraped, 14325 players found
2025-02-22 21:19:10,540 - INFO - Progress saved: 5500 URLs scraped, 14360 players found
2025-02-22 21:20:23,568 - ERROR - Error processing https://stats.ncaa.org/players/9091397: HTTPSConnectionPool(host='stats.ncaa.org', port=443): Read timed out. (read timeout=30)
2025-02-22 21:22:06,236 - INFO - Progress saved: 5510 URLs scraped, 14386 players found
2025-02-22 21:23:54,713 - INFO - Progress saved: 5520 URLs scraped, 14413 players found
2025-02-22 21:25:09,666 - INFO - Progress saved: 5530 URLs scraped, 14443 players found
2025-02-22 21:27:38,715 - INFO - Progress saved: 5540 URLs scraped, 14465 players found
2025-02-22 21:29:03,422 - INFO - Progress saved: 5550 URLs scraped, 14483 players found
2025-02-22 21:31:09,401 - INFO - Progress saved: 5560 URLs scraped, 14508 players found
2025-02-22 21:32:03,949 - INFO - Progress saved: 5570 URLs scraped, 14529 players found
2025-02-22 21:33:22,947 - INFO - Progress saved: 5580 URLs scraped, 14557 players found
2025-02-22 21:34:58,756 - INFO - Progress saved: 5590 URLs scraped, 14589 players found
2025-02-22 21:36:25,443 - INFO - Progress saved: 5600 URLs scraped, 14614 players found
2025-02-22 21:37:31,904 - INFO - Progress saved: 5610 URLs scraped, 14640 players found
2025-02-22 21:39:14,723 - INFO - Progress saved: 5620 URLs scraped, 14665 players found
2025-02-22 21:40:58,990 - INFO - Progress saved: 5630 URLs scraped, 14699 players found
2025-02-22 21:42:00,504 - INFO - Progress saved: 5640 URLs scraped, 14726 players found
2025-02-22 21:43:05,125 - INFO - Progress saved: 5650 URLs scraped, 14763 players found
2025-02-22 21:44:51,958 - INFO - Progress saved: 5660 URLs scraped, 14785 players found
2025-02-22 21:45:49,127 - ERROR - Error processing https://stats.ncaa.org/players/8876506: HTTPSConnectionPool(host='stats.ncaa.org', port=443): Read timed out. (read timeout=30)
2025-02-22 21:46:16,038 - INFO - Progress saved: 5670 URLs scraped, 14808 players found
2025-02-22 21:47:39,136 - INFO - Progress saved: 5680 URLs scraped, 14840 players found
2025-02-22 21:49:23,973 - INFO - Progress saved: 5690 URLs scraped, 14868 players found
2025-02-22 21:51:10,116 - INFO - Progress saved: 5700 URLs scraped, 14891 players found
2025-02-22 21:52:13,985 - INFO - Progress saved: 5710 URLs scraped, 14917 players found
2025-02-22 21:53:10,402 - INFO - Progress saved: 5720 URLs scraped, 14941 players found
2025-02-22 21:54:31,515 - INFO - Progress saved: 5730 URLs scraped, 14966 players found
2025-02-22 21:56:07,137 - INFO - Progress saved: 5740 URLs scraped, 14990 players found
2025-02-22 21:57:44,819 - INFO - Progress saved: 5750 URLs scraped, 15024 players found
2025-02-22 21:58:54,892 - INFO - Progress saved: 5760 URLs scraped, 15052 players found
2025-02-22 22:00:42,045 - INFO - Progress saved: 5770 URLs scraped, 15071 players found
2025-02-22 22:02:43,244 - INFO - Progress saved: 5780 URLs scraped, 15104 players found
2025-02-22 22:04:53,672 - INFO - Progress saved: 5790 URLs scraped, 15130 players found
2025-02-22 22:06:33,306 - INFO - Progress saved: 5800 URLs scraped, 15160 players found
2025-02-22 22:07:50,441 - INFO - Progress saved: 5810 URLs scraped, 15185 players found
2025-02-22 22:09:28,449 - INFO - Progress saved: 5820 URLs scraped, 15210 players found
2025-02-22 22:10:25,184 - INFO - Progress saved: 5830 URLs scraped, 15241 players found
2025-02-22 22:11:38,171 - ERROR - Error processing https://stats.ncaa.org/players/8889066: HTTPSConnectionPool(host='stats.ncaa.org', port=443): Read timed out. (read timeout=30)
2025-02-22 22:12:13,573 - ERROR - Error processing https://stats.ncaa.org/players/9108920: HTTPSConnectionPool(host='stats.ncaa.org', port=443): Read timed out. (read timeout=30)
2025-02-22 22:12:43,270 - INFO - Progress saved: 5840 URLs scraped, 15264 players found
2025-02-22 22:13:58,805 - INFO - Progress saved: 5850 URLs scraped, 15286 players found
2025-02-22 22:16:01,801 - INFO - Progress saved: 5860 URLs scraped, 15312 players found
2025-02-22 22:16:33,285 - ERROR - Error processing https://stats.ncaa.org/players/8901774: HTTPSConnectionPool(host='stats.ncaa.org', port=443): Read timed out. (read timeout=30)
2025-02-22 22:18:53,368 - INFO - Progress saved: 5870 URLs scraped, 15335 players found
2025-02-22 22:20:13,919 - ERROR - Error processing https://stats.ncaa.org/players/8892993: HTTPSConnectionPool(host='stats.ncaa.org', port=443): Read timed out. (read timeout=30)
2025-02-22 22:20:57,206 - INFO - Progress saved: 5880 URLs scraped, 15359 players found
2025-02-22 22:22:28,451 - INFO - Progress saved: 5890 URLs scraped, 15378 players found
2025-02-22 22:23:51,932 - INFO - Progress saved: 5900 URLs scraped, 15405 players found
2025-02-22 22:25:36,425 - INFO - Progress saved: 5910 URLs scraped, 15431 players found
2025-02-22 22:27:51,185 - ERROR - Error processing https://stats.ncaa.org/players/7092699: HTTPSConnectionPool(host='stats.ncaa.org', port=443): Read timed out. (read timeout=30)
2025-02-22 22:28:22,331 - ERROR - Error processing https://stats.ncaa.org/players/8891656: HTTPSConnectionPool(host='stats.ncaa.org', port=443): Read timed out. (read timeout=30)
2025-02-22 22:28:56,937 - ERROR - Error processing https://stats.ncaa.org/players/8884069: HTTPSConnectionPool(host='stats.ncaa.org', port=443): Read timed out. (read timeout=30)
2025-02-22 22:29:28,367 - ERROR - Error processing https://stats.ncaa.org/players/9218923: HTTPSConnectionPool(host='stats.ncaa.org', port=443): Read timed out. (read timeout=30)
2025-02-22 22:29:59,180 - INFO - Progress saved: 5920 URLs scraped, 15447 players found
2025-02-22 22:30:47,606 - ERROR - Error processing https://stats.ncaa.org/players/9089161: HTTPSConnectionPool(host='stats.ncaa.org', port=443): Read timed out. (read timeout=30)
2025-02-22 22:31:33,445 - ERROR - Error processing https://stats.ncaa.org/players/8891675: HTTPSConnectionPool(host='stats.ncaa.org', port=443): Read timed out. (read timeout=30)
2025-02-22 22:32:45,063 - ERROR - Error processing https://stats.ncaa.org/players/7090649: HTTPSConnectionPool(host='stats.ncaa.org', port=443): Read timed out. (read timeout=30)
2025-02-22 22:33:28,562 - ERROR - Error processing https://stats.ncaa.org/players/8889820: HTTPSConnectionPool(host='stats.ncaa.org', port=443): Read timed out. (read timeout=30)
2025-02-22 22:34:05,272 - INFO - Progress saved: 5930 URLs scraped, 15469 players found
2025-02-22 22:34:41,875 - ERROR - Error processing https://stats.ncaa.org/players/8893695: HTTPSConnectionPool(host='stats.ncaa.org', port=443): Read timed out. (read timeout=30)
2025-02-22 22:36:11,910 - INFO - Progress saved: 5940 URLs scraped, 15492 players found
2025-02-22 22:37:58,297 - INFO - Progress saved: 5950 URLs scraped, 15509 players found
2025-02-22 22:40:11,416 - INFO - Progress saved: 5960 URLs scraped, 15537 players found
2025-02-22 22:41:37,939 - ERROR - Error processing https://stats.ncaa.org/players/8891937: HTTPSConnectionPool(host='stats.ncaa.org', port=443): Read timed out. (read timeout=30)
2025-02-22 22:42:20,418 - INFO - Progress saved: 5970 URLs scraped, 15568 players found
2025-02-22 22:44:22,149 - INFO - Progress saved: 5980 URLs scraped, 15598 players found
2025-02-22 22:45:44,073 - ERROR - Error processing https://stats.ncaa.org/players/8900897: HTTPSConnectionPool(host='stats.ncaa.org', port=443): Read timed out. (read timeout=30)
2025-02-22 22:46:27,338 - INFO - Progress saved: 5990 URLs scraped, 15623 players found
2025-02-22 22:48:10,495 - ERROR - Error processing https://stats.ncaa.org/players/8899465: HTTPSConnectionPool(host='stats.ncaa.org', port=443): Read timed out. (read timeout=30)
2025-02-22 22:48:59,825 - INFO - Progress saved: 6000 URLs scraped, 15650 players found
2025-02-22 22:50:41,454 - INFO - Progress saved: 6010 URLs scraped, 15676 players found
2025-02-22 22:52:15,946 - INFO - Progress saved: 6020 URLs scraped, 15707 players found
2025-02-22 22:53:29,925 - ERROR - Error processing https://stats.ncaa.org/players/7808715: HTTPSConnectionPool(host='stats.ncaa.org', port=443): Read timed out. (read timeout=30)
2025-02-22 22:54:22,475 - INFO - Progress saved: 6030 URLs scraped, 15737 players found
2025-02-23 00:19:45,811 - INFO - Combined 15 files into DataFrame with 185124 rows
2025-02-23 00:19:45,848 - INFO - Loaded progress from scraper_progress.bak: 6030 URLs scraped
2025-02-23 00:21:29,921 - INFO - Progress saved: 6040 URLs scraped, 15765 players found
2025-02-23 00:22:59,363 - INFO - Progress saved: 6050 URLs scraped, 15785 players found
2025-02-23 00:23:30,848 - ERROR - Error processing https://stats.ncaa.org/players/9214637: HTTPSConnectionPool(host='stats.ncaa.org', port=443): Read timed out. (read timeout=30)
2025-02-23 00:24:55,085 - INFO - Progress saved: 6060 URLs scraped, 15811 players found
2025-02-23 00:26:34,102 - INFO - Progress saved: 6070 URLs scraped, 15841 players found
2025-02-23 00:27:05,254 - ERROR - Error processing https://stats.ncaa.org/players/8876638: HTTPSConnectionPool(host='stats.ncaa.org', port=443): Read timed out. (read timeout=30)
2025-02-23 00:28:27,207 - ERROR - Error processing https://stats.ncaa.org/players/9193552: HTTPSConnectionPool(host='stats.ncaa.org', port=443): Read timed out. (read timeout=30)
2025-02-23 00:29:29,832 - INFO - Progress saved: 6080 URLs scraped, 15866 players found
2025-02-23 00:30:34,847 - INFO - Progress saved: 6090 URLs scraped, 15895 players found
2025-02-23 00:31:29,218 - ERROR - Error processing https://stats.ncaa.org/players/9217930: HTTPSConnectionPool(host='stats.ncaa.org', port=443): Read timed out. (read timeout=30)
2025-02-23 00:32:58,540 - ERROR - Error processing https://stats.ncaa.org/players/9219966: HTTPSConnectionPool(host='stats.ncaa.org', port=443): Read timed out. (read timeout=30)
2025-02-23 00:33:49,093 - INFO - Progress saved: 6100 URLs scraped, 15913 players found
2025-02-23 00:35:10,043 - INFO - Progress saved: 6110 URLs scraped, 15945 players found
2025-02-23 00:36:22,988 - INFO - Progress saved: 6120 URLs scraped, 15973 players found
2025-02-23 00:37:46,066 - INFO - Progress saved: 6130 URLs scraped, 15997 players found
2025-02-23 00:39:52,849 - INFO - Progress saved: 6140 URLs scraped, 16025 players found
2025-02-23 00:41:50,323 - INFO - Progress saved: 6150 URLs scraped, 16050 players found
2025-02-23 00:42:33,011 - ERROR - Error processing https://stats.ncaa.org/players/9096077: HTTPSConnectionPool(host='stats.ncaa.org', port=443): Read timed out. (read timeout=30)
2025-02-23 00:44:13,295 - INFO - Progress saved: 6160 URLs scraped, 16086 players found
2025-02-23 00:45:18,581 - INFO - Progress saved: 6170 URLs scraped, 16111 players found
2025-02-23 00:47:11,602 - INFO - Progress saved: 6180 URLs scraped, 16129 players found
2025-02-23 00:48:07,581 - ERROR - Error processing https://stats.ncaa.org/players/9100444: HTTPSConnectionPool(host='stats.ncaa.org', port=443): Read timed out. (read timeout=30)
2025-02-23 00:48:49,299 - ERROR - Error processing https://stats.ncaa.org/players/8896305: HTTPSConnectionPool(host='stats.ncaa.org', port=443): Read timed out. (read timeout=30)
2025-02-23 00:49:43,395 - ERROR - Error processing https://stats.ncaa.org/players/9103048: HTTPSConnectionPool(host='stats.ncaa.org', port=443): Read timed out. (read timeout=30)
2025-02-23 00:50:05,339 - INFO - Progress saved: 6190 URLs scraped, 16163 players found
2025-02-23 00:51:22,308 - INFO - Progress saved: 6200 URLs scraped, 16188 players found
2025-02-23 00:52:44,428 - INFO - Progress saved: 6210 URLs scraped, 16216 players found
2025-02-23 00:54:59,882 - INFO - Progress saved: 6220 URLs scraped, 16241 players found
2025-02-23 00:56:12,183 - INFO - Progress saved: 6230 URLs scraped, 16265 players found
2025-02-23 00:57:29,182 - INFO - Progress saved: 6240 URLs scraped, 16304 players found
2025-02-23 00:58:51,298 - INFO - Progress saved: 6250 URLs scraped, 16334 players found
2025-02-23 00:59:46,404 - INFO - Progress saved: 6260 URLs scraped, 16358 players found
2025-02-23 01:01:29,090 - INFO - Progress saved: 6270 URLs scraped, 16382 players found
2025-02-23 01:02:16,539 - INFO - Progress saved: 6280 URLs scraped, 16408 players found
2025-02-23 01:03:44,857 - INFO - Progress saved: 6290 URLs scraped, 16433 players found
2025-02-23 01:05:14,282 - INFO - Progress saved: 6300 URLs scraped, 16470 players found
2025-02-23 01:06:55,834 - INFO - Progress saved: 6310 URLs scraped, 16502 players found
2025-02-23 01:07:32,312 - ERROR - Error processing https://stats.ncaa.org/players/9094277: HTTPSConnectionPool(host='stats.ncaa.org', port=443): Read timed out. (read timeout=30)
2025-02-23 01:09:16,046 - ERROR - Error processing https://stats.ncaa.org/players/8883060: HTTPSConnectionPool(host='stats.ncaa.org', port=443): Read timed out. (read timeout=30)
2025-02-23 01:09:40,227 - INFO - Progress saved: 6320 URLs scraped, 16534 players found
2025-02-23 01:11:43,796 - INFO - Progress saved: 6330 URLs scraped, 16563 players found
2025-02-23 01:13:49,626 - INFO - Progress saved: 6340 URLs scraped, 16583 players found
2025-02-23 01:15:38,100 - INFO - Progress saved: 6350 URLs scraped, 16606 players found
2025-02-23 01:17:00,438 - INFO - Progress saved: 6360 URLs scraped, 16637 players found
2025-02-23 01:18:16,694 - INFO - Progress saved: 6370 URLs scraped, 16658 players found
2025-02-23 01:19:47,145 - INFO - Progress saved: 6380 URLs scraped, 16691 players found
2025-02-23 01:22:01,101 - INFO - Progress saved: 6390 URLs scraped, 16713 players found
2025-02-23 01:23:30,419 - ERROR - Error processing https://stats.ncaa.org/players/8882779: HTTPSConnectionPool(host='stats.ncaa.org', port=443): Read timed out. (read timeout=30)
2025-02-23 01:24:22,036 - INFO - Progress saved: 6400 URLs scraped, 16737 players found
2025-02-23 01:25:21,646 - INFO - Progress saved: 6410 URLs scraped, 16770 players found
2025-02-23 01:27:31,331 - INFO - Progress saved: 6420 URLs scraped, 16792 players found
2025-02-23 01:28:30,034 - ERROR - Error processing https://stats.ncaa.org/players/8897588: HTTPSConnectionPool(host='stats.ncaa.org', port=443): Read timed out. (read timeout=30)
2025-02-23 01:29:01,418 - ERROR - Error processing https://stats.ncaa.org/players/9095271: HTTPSConnectionPool(host='stats.ncaa.org', port=443): Read timed out. (read timeout=30)
2025-02-23 01:30:10,570 - INFO - Progress saved: 6430 URLs scraped, 16819 players found
2025-02-23 01:31:21,182 - INFO - Progress saved: 6440 URLs scraped, 16840 players found
2025-02-23 01:32:52,524 - ERROR - Error processing https://stats.ncaa.org/players/8874167: HTTPSConnectionPool(host='stats.ncaa.org', port=443): Read timed out. (read timeout=30)
2025-02-23 01:33:37,291 - INFO - Progress saved: 6450 URLs scraped, 16864 players found
2025-02-23 01:35:16,959 - INFO - Progress saved: 6460 URLs scraped, 16885 players found
2025-02-23 01:36:27,169 - INFO - Progress saved: 6470 URLs scraped, 16910 players found
2025-02-23 01:38:33,775 - INFO - Progress saved: 6480 URLs scraped, 16934 players found
2025-02-23 01:39:28,094 - INFO - Progress saved: 6490 URLs scraped, 16966 players found
2025-02-23 01:40:38,424 - INFO - Progress saved: 6500 URLs scraped, 16991 players found
2025-02-23 01:42:12,484 - INFO - Progress saved: 6510 URLs scraped, 17024 players found
2025-02-23 01:43:31,661 - INFO - Progress saved: 6520 URLs scraped, 17053 players found
2025-02-23 01:45:36,965 - INFO - Progress saved: 6530 URLs scraped, 17070 players found
2025-02-23 01:47:48,401 - INFO - Progress saved: 6540 URLs scraped, 17097 players found
2025-02-23 01:49:49,002 - INFO - Progress saved: 6550 URLs scraped, 17120 players found
2025-02-23 01:51:26,894 - INFO - Progress saved: 6560 URLs scraped, 17141 players found
2025-02-23 01:52:34,025 - INFO - Progress saved: 6570 URLs scraped, 17176 players found
2025-02-23 01:54:16,116 - INFO - Progress saved: 6580 URLs scraped, 17205 players found
2025-02-23 01:55:26,569 - INFO - Progress saved: 6590 URLs scraped, 17232 players found
2025-02-23 01:57:21,047 - INFO - Progress saved: 6600 URLs scraped, 17255 players found
2025-02-23 01:59:01,630 - ERROR - Error processing https://stats.ncaa.org/players/8875490: HTTPSConnectionPool(host='stats.ncaa.org', port=443): Read timed out. (read timeout=30)
2025-02-23 01:59:06,265 - INFO - Progress saved: 6610 URLs scraped, 17282 players found
2025-02-23 02:00:25,864 - INFO - Progress saved: 6620 URLs scraped, 17307 players found
2025-02-23 02:01:42,130 - INFO - Progress saved: 6630 URLs scraped, 17337 players found
2025-02-23 02:03:24,728 - INFO - Progress saved: 6640 URLs scraped, 17365 players found
2025-02-23 02:04:42,034 - INFO - Progress saved: 6650 URLs scraped, 17400 players found
2025-02-23 02:06:27,599 - INFO - Progress saved: 6660 URLs scraped, 17421 players found
2025-02-23 02:07:54,393 - INFO - Progress saved: 6670 URLs scraped, 17444 players found
2025-02-23 02:09:46,571 - INFO - Progress saved: 6680 URLs scraped, 17467 players found
2025-02-23 02:10:43,298 - ERROR - Error processing https://stats.ncaa.org/players/9102390: HTTPSConnectionPool(host='stats.ncaa.org', port=443): Read timed out. (read timeout=30)
2025-02-23 02:11:42,808 - INFO - Progress saved: 6690 URLs scraped, 17492 players found
2025-02-23 02:13:32,562 - INFO - Progress saved: 6700 URLs scraped, 17522 players found
2025-02-23 02:15:14,432 - INFO - Progress saved: 6710 URLs scraped, 17543 players found
2025-02-23 02:16:40,826 - INFO - Progress saved: 6720 URLs scraped, 17569 players found
2025-02-23 02:17:53,528 - INFO - Progress saved: 6730 URLs scraped, 17594 players found
2025-02-23 02:19:05,509 - INFO - Progress saved: 6740 URLs scraped, 17624 players found
2025-02-23 02:20:16,211 - ERROR - Error processing https://stats.ncaa.org/players/8902091: HTTPSConnectionPool(host='stats.ncaa.org', port=443): Read timed out. (read timeout=30)
2025-02-23 02:20:47,899 - ERROR - Error processing https://stats.ncaa.org/players/8892785: HTTPSConnectionPool(host='stats.ncaa.org', port=443): Read timed out. (read timeout=30)
2025-02-23 02:21:43,249 - INFO - Progress saved: 6750 URLs scraped, 17647 players found
2025-02-23 02:23:12,799 - INFO - Progress saved: 6760 URLs scraped, 17673 players found
2025-02-23 02:24:13,985 - INFO - Progress saved: 6770 URLs scraped, 17695 players found
2025-02-23 02:25:30,648 - INFO - Progress saved: 6780 URLs scraped, 17720 players found
2025-02-23 02:26:59,186 - INFO - Progress saved: 6790 URLs scraped, 17736 players found
2025-02-23 02:28:32,195 - INFO - Progress saved: 6800 URLs scraped, 17759 players found
2025-02-23 02:30:18,472 - INFO - Progress saved: 6810 URLs scraped, 17786 players found
2025-02-23 02:31:15,654 - INFO - Progress saved: 6820 URLs scraped, 17809 players found
2025-02-23 02:32:11,516 - INFO - Progress saved: 6830 URLs scraped, 17825 players found
2025-02-23 02:33:14,607 - INFO - Progress saved: 6840 URLs scraped, 17846 players found
2025-02-23 02:34:13,685 - INFO - Progress saved: 6850 URLs scraped, 17871 players found
2025-02-23 02:35:08,177 - INFO - Progress saved: 6860 URLs scraped, 17900 players found
2025-02-23 02:36:01,212 - INFO - Progress saved: 6870 URLs scraped, 17924 players found
2025-02-23 02:37:07,531 - INFO - Progress saved: 6880 URLs scraped, 17949 players found
2025-02-23 02:38:00,411 - INFO - Progress saved: 6890 URLs scraped, 17972 players found
2025-02-23 02:38:53,608 - INFO - Progress saved: 6900 URLs scraped, 17989 players found
2025-02-23 02:39:53,534 - INFO - Progress saved: 6910 URLs scraped, 18016 players found
2025-02-23 02:40:57,449 - INFO - Progress saved: 6920 URLs scraped, 18034 players found
2025-02-23 02:41:56,709 - INFO - Progress saved: 6930 URLs scraped, 18069 players found
2025-02-23 02:42:49,954 - INFO - Progress saved: 6940 URLs scraped, 18091 players found
2025-02-23 02:43:32,449 - INFO - Progress saved: 6950 URLs scraped, 18115 players found
2025-02-23 02:44:23,166 - INFO - Progress saved: 6960 URLs scraped, 18140 players found
2025-02-23 02:45:21,194 - INFO - Progress saved: 6970 URLs scraped, 18174 players found
2025-02-23 02:46:14,540 - INFO - Progress saved: 6980 URLs scraped, 18197 players found
2025-02-23 02:47:10,578 - INFO - Progress saved: 6990 URLs scraped, 18218 players found
2025-02-23 02:48:13,007 - INFO - Progress saved: 7000 URLs scraped, 18249 players found
2025-02-23 02:49:01,999 - INFO - Progress saved: 7010 URLs scraped, 18276 players found
2025-02-23 02:49:59,689 - INFO - Progress saved: 7020 URLs scraped, 18302 players found
2025-02-23 02:50:56,312 - INFO - Progress saved: 7030 URLs scraped, 18328 players found
2025-02-23 02:51:53,044 - INFO - Progress saved: 7040 URLs scraped, 18355 players found
2025-02-23 02:52:49,550 - INFO - Progress saved: 7050 URLs scraped, 18388 players found
2025-02-23 02:53:32,956 - INFO - Progress saved: 7060 URLs scraped, 18410 players found
2025-02-23 02:54:36,820 - INFO - Progress saved: 7070 URLs scraped, 18435 players found
2025-02-23 02:55:29,714 - INFO - Progress saved: 7080 URLs scraped, 18456 players found
2025-02-23 02:56:25,669 - INFO - Progress saved: 7090 URLs scraped, 18479 players found
2025-02-23 02:57:35,031 - INFO - Progress saved: 7100 URLs scraped, 18506 players found
2025-02-23 02:58:21,487 - INFO - Progress saved: 7110 URLs scraped, 18535 players found
2025-02-23 02:59:10,952 - INFO - Progress saved: 7120 URLs scraped, 18558 players found
2025-02-23 03:00:08,638 - INFO - Progress saved: 7130 URLs scraped, 18586 players found
2025-02-23 03:01:13,378 - INFO - Progress saved: 7140 URLs scraped, 18613 players found
2025-02-23 03:02:09,045 - INFO - Progress saved: 7150 URLs scraped, 18644 players found
2025-02-23 03:03:09,768 - INFO - Progress saved: 7160 URLs scraped, 18672 players found
2025-02-23 03:04:11,577 - INFO - Progress saved: 7170 URLs scraped, 18692 players found
2025-02-23 03:05:13,966 - INFO - Progress saved: 7180 URLs scraped, 18716 players found
2025-02-23 03:06:06,096 - INFO - Progress saved: 7190 URLs scraped, 18731 players found
2025-02-23 03:06:56,892 - INFO - Progress saved: 7200 URLs scraped, 18753 players found
2025-02-23 03:07:51,681 - INFO - Progress saved: 7210 URLs scraped, 18781 players found
2025-02-23 03:08:53,345 - INFO - Progress saved: 7220 URLs scraped, 18805 players found
2025-02-23 03:09:53,661 - INFO - Progress saved: 7230 URLs scraped, 18821 players found
2025-02-23 03:10:44,466 - INFO - Progress saved: 7240 URLs scraped, 18849 players found
2025-02-23 03:11:33,386 - INFO - Progress saved: 7250 URLs scraped, 18876 players found
2025-02-23 03:12:24,571 - INFO - Progress saved: 7260 URLs scraped, 18903 players found
2025-02-23 03:13:25,280 - INFO - Progress saved: 7270 URLs scraped, 18929 players found
2025-02-23 03:14:41,967 - INFO - Progress saved: 7280 URLs scraped, 18952 players found
2025-02-23 03:15:43,797 - INFO - Progress saved: 7290 URLs scraped, 18971 players found
2025-02-23 03:16:49,035 - INFO - Progress saved: 7300 URLs scraped, 18995 players found
2025-02-23 03:17:37,227 - INFO - Progress saved: 7310 URLs scraped, 19019 players found
2025-02-23 03:18:34,910 - INFO - Progress saved: 7320 URLs scraped, 19045 players found
2025-02-23 03:19:32,546 - INFO - Progress saved: 7330 URLs scraped, 19070 players found
2025-02-23 03:20:24,160 - INFO - Progress saved: 7340 URLs scraped, 19097 players found
2025-02-23 03:21:27,141 - INFO - Progress saved: 7350 URLs scraped, 19125 players found
2025-02-23 03:22:27,155 - INFO - Progress saved: 7360 URLs scraped, 19161 players found
2025-02-23 03:23:31,679 - INFO - Progress saved: 7370 URLs scraped, 19188 players found
2025-02-23 03:24:31,519 - INFO - Progress saved: 7380 URLs scraped, 19212 players found
2025-02-23 03:25:22,259 - INFO - Progress saved: 7390 URLs scraped, 19230 players found
2025-02-23 03:26:15,494 - INFO - Progress saved: 7400 URLs scraped, 19255 players found
2025-02-23 03:27:09,568 - INFO - Progress saved: 7410 URLs scraped, 19278 players found
2025-02-23 03:28:16,633 - INFO - Progress saved: 7420 URLs scraped, 19309 players found
2025-02-23 03:29:16,169 - INFO - Progress saved: 7430 URLs scraped, 19332 players found
2025-02-23 03:30:08,752 - INFO - Progress saved: 7440 URLs scraped, 19360 players found
2025-02-23 03:30:57,027 - INFO - Progress saved: 7450 URLs scraped, 19390 players found
2025-02-23 03:31:44,347 - INFO - Progress saved: 7460 URLs scraped, 19412 players found
2025-02-23 03:32:48,310 - INFO - Progress saved: 7470 URLs scraped, 19438 players found
2025-02-23 03:33:41,587 - INFO - Progress saved: 7480 URLs scraped, 19461 players found
2025-02-23 03:34:31,050 - INFO - Progress saved: 7490 URLs scraped, 19482 players found
2025-02-23 03:35:20,530 - INFO - Progress saved: 7500 URLs scraped, 19507 players found
2025-02-23 03:36:07,406 - INFO - Progress saved: 7510 URLs scraped, 19529 players found
2025-02-23 03:37:02,159 - INFO - Progress saved: 7520 URLs scraped, 19550 players found
2025-02-23 03:37:58,959 - INFO - Progress saved: 7530 URLs scraped, 19571 players found
2025-02-23 03:38:48,532 - INFO - Progress saved: 7540 URLs scraped, 19602 players found
2025-02-23 03:39:46,719 - INFO - Progress saved: 7550 URLs scraped, 19636 players found
2025-02-23 03:40:37,536 - INFO - Progress saved: 7560 URLs scraped, 19659 players found
2025-02-23 03:41:44,539 - INFO - Progress saved: 7570 URLs scraped, 19687 players found
2025-02-23 03:42:35,173 - INFO - Progress saved: 7580 URLs scraped, 19717 players found
2025-02-23 03:43:34,659 - INFO - Progress saved: 7590 URLs scraped, 19749 players found
2025-02-23 03:44:34,810 - INFO - Progress saved: 7600 URLs scraped, 19772 players found
2025-02-23 03:45:30,145 - INFO - Progress saved: 7610 URLs scraped, 19809 players found
2025-02-23 03:46:24,015 - INFO - Progress saved: 7620 URLs scraped, 19839 players found
2025-02-23 03:47:18,512 - INFO - Progress saved: 7630 URLs scraped, 19865 players found
2025-02-23 03:48:09,305 - INFO - Progress saved: 7640 URLs scraped, 19889 players found
2025-02-23 03:49:18,241 - INFO - Progress saved: 7650 URLs scraped, 19918 players found
2025-02-23 03:50:07,836 - INFO - Progress saved: 7660 URLs scraped, 19949 players found
2025-02-23 03:51:06,558 - INFO - Progress saved: 7670 URLs scraped, 19971 players found
2025-02-23 03:52:07,078 - INFO - Progress saved: 7680 URLs scraped, 19999 players found
2025-02-23 03:53:03,708 - INFO - Progress saved: 7690 URLs scraped, 20024 players found
2025-02-23 03:53:59,235 - INFO - Progress saved: 7700 URLs scraped, 20051 players found
2025-02-23 03:54:49,770 - INFO - Progress saved: 7710 URLs scraped, 20083 players found
2025-02-23 03:55:42,414 - INFO - Progress saved: 7720 URLs scraped, 20109 players found
2025-02-23 03:56:26,100 - INFO - Progress saved: 7730 URLs scraped, 20126 players found
2025-02-23 03:57:14,566 - INFO - Progress saved: 7740 URLs scraped, 20153 players found
2025-02-23 03:58:00,112 - INFO - Progress saved: 7750 URLs scraped, 20176 players found
2025-02-23 03:58:54,297 - INFO - Progress saved: 7760 URLs scraped, 20209 players found
2025-02-23 03:59:38,245 - INFO - Progress saved: 7770 URLs scraped, 20230 players found
2025-02-23 04:00:29,618 - INFO - Progress saved: 7780 URLs scraped, 20254 players found
2025-02-23 04:01:27,278 - INFO - Progress saved: 7790 URLs scraped, 20281 players found
2025-02-23 04:02:22,377 - INFO - Progress saved: 7800 URLs scraped, 20305 players found
2025-02-23 04:03:23,694 - INFO - Progress saved: 7810 URLs scraped, 20337 players found
2025-02-23 04:04:25,900 - INFO - Progress saved: 7820 URLs scraped, 20372 players found
2025-02-23 04:05:14,672 - INFO - Progress saved: 7830 URLs scraped, 20397 players found
2025-02-23 04:06:11,471 - INFO - Progress saved: 7840 URLs scraped, 20433 players found
2025-02-23 04:07:10,303 - INFO - Progress saved: 7850 URLs scraped, 20455 players found
2025-02-23 04:07:58,476 - INFO - Progress saved: 7860 URLs scraped, 20488 players found
2025-02-23 04:08:44,149 - INFO - Progress saved: 7870 URLs scraped, 20505 players found
2025-02-23 04:09:37,994 - INFO - Progress saved: 7880 URLs scraped, 20537 players found
2025-02-23 04:10:28,457 - INFO - Progress saved: 7890 URLs scraped, 20561 players found
2025-02-23 04:11:30,461 - INFO - Progress saved: 7900 URLs scraped, 20588 players found
2025-02-23 04:12:27,268 - INFO - Progress saved: 7910 URLs scraped, 20624 players found
2025-02-23 04:13:24,308 - INFO - Progress saved: 7920 URLs scraped, 20645 players found
2025-02-23 04:14:17,294 - INFO - Progress saved: 7930 URLs scraped, 20672 players found
2025-02-23 04:15:19,071 - INFO - Progress saved: 7940 URLs scraped, 20695 players found
2025-02-23 04:16:22,286 - INFO - Progress saved: 7950 URLs scraped, 20724 players found
2025-02-23 04:17:24,366 - INFO - Progress saved: 7960 URLs scraped, 20756 players found
2025-02-23 04:18:37,634 - INFO - Progress saved: 7970 URLs scraped, 20781 players found
2025-02-23 04:19:44,617 - INFO - Progress saved: 7980 URLs scraped, 20806 players found
2025-02-23 04:20:38,441 - INFO - Progress saved: 7990 URLs scraped, 20828 players found
2025-02-23 04:21:39,106 - INFO - Progress saved: 8000 URLs scraped, 20852 players found
2025-02-23 04:22:30,485 - INFO - Progress saved: 8010 URLs scraped, 20870 players found
2025-02-23 04:23:40,110 - INFO - Progress saved: 8020 URLs scraped, 20893 players found
2025-02-23 04:24:43,091 - INFO - Progress saved: 8030 URLs scraped, 20926 players found
2025-02-23 04:25:43,393 - INFO - Progress saved: 8040 URLs scraped, 20955 players found
2025-02-23 04:26:36,848 - INFO - Progress saved: 8050 URLs scraped, 20979 players found
2025-02-23 04:27:43,884 - INFO - Progress saved: 8060 URLs scraped, 21007 players found
2025-02-23 04:28:44,113 - INFO - Progress saved: 8070 URLs scraped, 21033 players found
2025-02-23 04:29:40,414 - INFO - Progress saved: 8080 URLs scraped, 21060 players found
2025-02-23 04:30:53,888 - INFO - Progress saved: 8090 URLs scraped, 21082 players found
2025-02-23 04:32:00,402 - INFO - Progress saved: 8100 URLs scraped, 21107 players found
2025-02-23 04:32:55,835 - INFO - Progress saved: 8110 URLs scraped, 21133 players found
2025-02-23 04:33:51,381 - INFO - Progress saved: 8120 URLs scraped, 21154 players found
2025-02-23 04:34:49,694 - INFO - Progress saved: 8130 URLs scraped, 21180 players found
2025-02-23 04:35:33,867 - INFO - Progress saved: 8140 URLs scraped, 21199 players found
2025-02-23 04:36:26,417 - INFO - Progress saved: 8150 URLs scraped, 21219 players found
2025-02-23 04:37:20,585 - INFO - Progress saved: 8160 URLs scraped, 21240 players found
2025-02-23 04:38:13,612 - INFO - Progress saved: 8170 URLs scraped, 21264 players found
2025-02-23 04:39:08,911 - INFO - Progress saved: 8180 URLs scraped, 21293 players found
2025-02-23 04:40:07,668 - INFO - Progress saved: 8190 URLs scraped, 21321 players found
2025-02-23 04:40:59,282 - INFO - Progress saved: 8200 URLs scraped, 21344 players found
2025-02-23 04:41:47,598 - INFO - Progress saved: 8210 URLs scraped, 21372 players found
2025-02-23 04:42:50,041 - INFO - Progress saved: 8220 URLs scraped, 21399 players found
2025-02-23 04:43:52,612 - INFO - Progress saved: 8230 URLs scraped, 21427 players found
2025-02-23 04:44:52,842 - INFO - Progress saved: 8240 URLs scraped, 21459 players found
2025-02-23 04:45:42,277 - INFO - Progress saved: 8250 URLs scraped, 21491 players found
2025-02-23 04:46:47,484 - INFO - Progress saved: 8260 URLs scraped, 21521 players found
2025-02-23 04:47:45,223 - INFO - Progress saved: 8270 URLs scraped, 21547 players found
2025-02-23 04:48:49,396 - INFO - Progress saved: 8280 URLs scraped, 21574 players found
2025-02-23 04:49:49,557 - INFO - Progress saved: 8290 URLs scraped, 21600 players found
2025-02-23 04:50:48,572 - INFO - Progress saved: 8300 URLs scraped, 21628 players found
2025-02-23 04:51:50,671 - INFO - Progress saved: 8310 URLs scraped, 21656 players found
2025-02-23 04:52:38,722 - INFO - Progress saved: 8320 URLs scraped, 21683 players found
2025-02-23 04:53:38,518 - INFO - Progress saved: 8330 URLs scraped, 21712 players found
2025-02-23 04:54:30,210 - INFO - Progress saved: 8340 URLs scraped, 21730 players found
2025-02-23 04:55:38,292 - INFO - Progress saved: 8350 URLs scraped, 21758 players found
2025-02-23 04:56:31,418 - INFO - Progress saved: 8360 URLs scraped, 21778 players found
2025-02-23 04:57:29,114 - INFO - Progress saved: 8370 URLs scraped, 21805 players found
2025-02-23 04:58:28,706 - INFO - Progress saved: 8380 URLs scraped, 21829 players found
2025-02-23 04:59:42,376 - INFO - Progress saved: 8390 URLs scraped, 21862 players found
2025-02-23 05:00:34,671 - INFO - Progress saved: 8400 URLs scraped, 21881 players found
2025-02-23 05:01:48,025 - INFO - Progress saved: 8410 URLs scraped, 21918 players found
2025-02-23 05:02:47,538 - INFO - Progress saved: 8420 URLs scraped, 21950 players found
2025-02-23 05:03:39,414 - INFO - Progress saved: 8430 URLs scraped, 21978 players found
2025-02-23 05:04:42,936 - INFO - Progress saved: 8440 URLs scraped, 22002 players found
2025-02-23 05:05:47,454 - INFO - Progress saved: 8450 URLs scraped, 22018 players found
2025-02-23 05:06:51,402 - INFO - Progress saved: 8460 URLs scraped, 22042 players found
2025-02-23 05:07:41,842 - INFO - Progress saved: 8470 URLs scraped, 22076 players found
2025-02-23 05:08:30,930 - INFO - Progress saved: 8480 URLs scraped, 22107 players found
